Determining if the pthread_create exist failed with the following output:
Change Dir: /home/pan/Github/CudaSift/build/CMakeFiles/CMakeTmp

Run Build Command:"/usr/bin/make" "cmTC_306b0/fast"
/usr/bin/make -f CMakeFiles/cmTC_306b0.dir/build.make CMakeFiles/cmTC_306b0.dir/build
make[1]: Entering directory '/home/pan/Github/CudaSift/build/CMakeFiles/CMakeTmp'
Building C object CMakeFiles/cmTC_306b0.dir/CheckSymbolExists.c.o
/usr/bin/cc    -fPIC    -o CMakeFiles/cmTC_306b0.dir/CheckSymbolExists.c.o   -c /home/pan/Github/CudaSift/build/CMakeFiles/CMakeTmp/CheckSymbolExists.c
Linking C executable cmTC_306b0
/usr/bin/cmake -E cmake_link_script CMakeFiles/cmTC_306b0.dir/link.txt --verbose=1
/usr/bin/cc  -fPIC     CMakeFiles/cmTC_306b0.dir/CheckSymbolExists.c.o  -o cmTC_306b0 -rdynamic 
CMakeFiles/cmTC_306b0.dir/CheckSymbolExists.c.o: In function `main':
CheckSymbolExists.c:(.text+0x1b): undefined reference to `pthread_create'
collect2: error: ld returned 1 exit status
CMakeFiles/cmTC_306b0.dir/build.make:97: recipe for target 'cmTC_306b0' failed
make[1]: *** [cmTC_306b0] Error 1
make[1]: Leaving directory '/home/pan/Github/CudaSift/build/CMakeFiles/CMakeTmp'
Makefile:126: recipe for target 'cmTC_306b0/fast' failed
make: *** [cmTC_306b0/fast] Error 2

File /home/pan/Github/CudaSift/build/CMakeFiles/CMakeTmp/CheckSymbolExists.c:
/* */
#include <pthread.h>

int main(int argc, char** argv)
{
  (void)argv;
#ifndef pthread_create
  return ((int*)(&pthread_create))[argc];
#else
  (void)argc;
  return 0;
#endif
}

Determining if the function pthread_create exists in the pthreads failed with the following output:
Change Dir: /home/pan/Github/CudaSift/build/CMakeFiles/CMakeTmp

Run Build Command:"/usr/bin/make" "cmTC_119f2/fast"
/usr/bin/make -f CMakeFiles/cmTC_119f2.dir/build.make CMakeFiles/cmTC_119f2.dir/build
make[1]: Entering directory '/home/pan/Github/CudaSift/build/CMakeFiles/CMakeTmp'
Building C object CMakeFiles/cmTC_119f2.dir/CheckFunctionExists.c.o
/usr/bin/cc    -fPIC -DCHECK_FUNCTION_EXISTS=pthread_create   -o CMakeFiles/cmTC_119f2.dir/CheckFunctionExists.c.o   -c /usr/share/cmake-3.5/Modules/CheckFunctionExists.c
Linking C executable cmTC_119f2
/usr/bin/cmake -E cmake_link_script CMakeFiles/cmTC_119f2.dir/link.txt --verbose=1
/usr/bin/cc  -fPIC -DCHECK_FUNCTION_EXISTS=pthread_create    CMakeFiles/cmTC_119f2.dir/CheckFunctionExists.c.o  -o cmTC_119f2 -rdynamic -lpthreads 
/usr/bin/ld: cannot find -lpthreads
collect2: error: ld returned 1 exit status
CMakeFiles/cmTC_119f2.dir/build.make:97: recipe for target 'cmTC_119f2' failed
make[1]: *** [cmTC_119f2] Error 1
make[1]: Leaving directory '/home/pan/Github/CudaSift/build/CMakeFiles/CMakeTmp'
Makefile:126: recipe for target 'cmTC_119f2/fast' failed
make: *** [cmTC_119f2/fast] Error 2


